c:\users\ltxme\desktop\other\hw\programmingprojects\redis\redis\redis\x64\debug\vc143.pdb
c:\users\ltxme\desktop\other\hw\programmingprojects\redis\redis\redis\x64\debug\vc143.idb
c:\users\ltxme\desktop\other\hw\programmingprojects\redis\redis\redis\x64\debug\tcp_server.obj
c:\users\ltxme\desktop\other\hw\programmingprojects\redis\redis\redis\x64\debug\application.obj
c:\users\ltxme\desktop\other\hw\programmingprojects\redis\redis\redis\x64\debug\main.obj
c:\users\ltxme\desktop\other\hw\programmingprojects\redis\redis\x64\debug\redis.pdb
c:\users\ltxme\desktop\other\hw\programmingprojects\redis\redis\redis\x64\debug\redis.tlog\cl.command.1.tlog
c:\users\ltxme\desktop\other\hw\programmingprojects\redis\redis\redis\x64\debug\redis.tlog\cl.read.1.tlog
c:\users\ltxme\desktop\other\hw\programmingprojects\redis\redis\redis\x64\debug\redis.tlog\cl.write.1.tlog
c:\users\ltxme\desktop\other\hw\programmingprojects\redis\redis\redis\x64\debug\redis.tlog\link-cvtres.read.1.tlog
c:\users\ltxme\desktop\other\hw\programmingprojects\redis\redis\redis\x64\debug\redis.tlog\link-cvtres.write.1.tlog
c:\users\ltxme\desktop\other\hw\programmingprojects\redis\redis\redis\x64\debug\redis.tlog\link-rc.read.1.tlog
c:\users\ltxme\desktop\other\hw\programmingprojects\redis\redis\redis\x64\debug\redis.tlog\link-rc.write.1.tlog
c:\users\ltxme\desktop\other\hw\programmingprojects\redis\redis\redis\x64\debug\redis.tlog\link.31364-cvtres.read.1.tlog
c:\users\ltxme\desktop\other\hw\programmingprojects\redis\redis\redis\x64\debug\redis.tlog\link.31364-cvtres.write.1.tlog
c:\users\ltxme\desktop\other\hw\programmingprojects\redis\redis\redis\x64\debug\redis.tlog\link.31364-rc.read.1.tlog
c:\users\ltxme\desktop\other\hw\programmingprojects\redis\redis\redis\x64\debug\redis.tlog\link.31364-rc.write.1.tlog
c:\users\ltxme\desktop\other\hw\programmingprojects\redis\redis\redis\x64\debug\redis.tlog\link.31364.read.1.tlog
c:\users\ltxme\desktop\other\hw\programmingprojects\redis\redis\redis\x64\debug\redis.tlog\link.31364.read.2.tlog
c:\users\ltxme\desktop\other\hw\programmingprojects\redis\redis\redis\x64\debug\redis.tlog\link.31364.write.1.tlog
c:\users\ltxme\desktop\other\hw\programmingprojects\redis\redis\redis\x64\debug\redis.tlog\link.command.1.tlog
c:\users\ltxme\desktop\other\hw\programmingprojects\redis\redis\redis\x64\debug\redis.tlog\link.read.1.tlog
c:\users\ltxme\desktop\other\hw\programmingprojects\redis\redis\redis\x64\debug\redis.tlog\link.read.2.tlog
c:\users\ltxme\desktop\other\hw\programmingprojects\redis\redis\redis\x64\debug\redis.tlog\link.read.3.tlog
c:\users\ltxme\desktop\other\hw\programmingprojects\redis\redis\redis\x64\debug\redis.tlog\link.write.1.tlog
